# JRE version: Java(TM) SE Runtime Environment 18.9 (11.0.16+11) (build 11.0.16+11-LTS-199)
# Java VM: Java HotSpot(TM) 64-Bit Server VM 18.9 (11.0.16+11-LTS-199, mixed mode, tiered, compressed oops, g1 gc, windows-amd64)
Heap:
 garbage-first heap   total 374784K, used 257571K [0x0000000080000000, 0x0000000100000000)
  region size 1024K, 25 young (25600K), 2 survivors (2048K)
 Metaspace       used 160104K, capacity 165955K, committed 166176K, reserved 661504K
  class space    used 20591K, capacity 22852K, committed 22860K, reserved 516096K
GC Heap History (10 events):
Event: 96.616 GC heap before
{Heap before GC invocations=66 (full 0):
 garbage-first heap   total 312320K, used 268872K [0x0000000080000000, 0x0000000100000000)
  region size 1024K, 37 young (37888K), 3 survivors (3072K)
 Metaspace       used 152688K, capacity 158144K, committed 158368K, reserved 653312K
  class space    used 19529K, capacity 21577K, committed 21708K, reserved 516096K
}
Event: 96.620 GC heap after
{Heap after GC invocations=67 (full 0):
 garbage-first heap   total 312320K, used 233432K [0x0000000080000000, 0x0000000100000000)
  region size 1024K, 3 young (3072K), 3 survivors (3072K)
 Metaspace       used 152688K, capacity 158144K, committed 158368K, reserved 653312K
  class space    used 19529K, capacity 21577K, committed 21708K, reserved 516096K
}
Event: 96.924 GC heap before
{Heap before GC invocations=67 (full 0):
 garbage-first heap   total 312320K, used 268248K [0x0000000080000000, 0x0000000100000000)
  region size 1024K, 37 young (37888K), 3 survivors (3072K)
 Metaspace       used 157323K, capacity 163050K, committed 163360K, reserved 657408K
  class space    used 20302K, capacity 22505K, committed 22604K, reserved 516096K
}
Event: 96.927 GC heap after
{Heap after GC invocations=68 (full 0):
 garbage-first heap   total 312320K, used 234780K [0x0000000080000000, 0x0000000100000000)
  region size 1024K, 4 young (4096K), 4 survivors (4096K)
 Metaspace       used 157323K, capacity 163050K, committed 163360K, reserved 657408K
  class space    used 20302K, capacity 22505K, committed 22604K, reserved 516096K
}
Event: 97.070 GC heap before
{Heap before GC invocations=68 (full 0):
 garbage-first heap   total 312320K, used 269596K [0x0000000080000000, 0x0000000100000000)
  region size 1024K, 38 young (38912K), 4 survivors (4096K)
 Metaspace       used 158394K, capacity 164215K, committed 164512K, reserved 659456K
  class space    used 20419K, capacity 22636K, committed 22732K, reserved 516096K
}
Event: 97.073 GC heap after
{Heap after GC invocations=69 (full 0):
 garbage-first heap   total 312320K, used 234557K [0x0000000080000000, 0x0000000100000000)
  region size 1024K, 2 young (2048K), 2 survivors (2048K)
 Metaspace       used 158394K, capacity 164215K, committed 164512K, reserved 659456K
  class space    used 20419K, capacity 22636K, committed 22732K, reserved 516096K
}
Event: 97.259 GC heap before
{Heap before GC invocations=69 (full 0):
 garbage-first heap   total 312320K, used 269373K [0x0000000080000000, 0x0000000100000000)
  region size 1024K, 37 young (37888K), 2 survivors (2048K)
 Metaspace       used 159638K, capacity 165553K, committed 165664K, reserved 659456K
  class space    used 20565K, capacity 22848K, committed 22860K, reserved 516096K
}
Event: 97.261 GC heap after
{Heap after GC invocations=70 (full 0):
 garbage-first heap   total 312320K, used 234787K [0x0000000080000000, 0x0000000100000000)
  region size 1024K, 2 young (2048K), 2 survivors (2048K)
 Metaspace       used 159638K, capacity 165553K, committed 165664K, reserved 659456K
  class space    used 20565K, capacity 22848K, committed 22860K, reserved 516096K
}
Event: 97.412 GC heap before
{Heap before GC invocations=70 (full 0):
 garbage-first heap   total 312320K, used 271651K [0x0000000080000000, 0x0000000100000000)
  region size 1024K, 38 young (38912K), 2 survivors (2048K)
 Metaspace       used 159903K, capacity 165759K, committed 165920K, reserved 659456K
  class space    used 20591K, capacity 22852K, committed 22860K, reserved 516096K
}
Event: 97.416 GC heap after
{Heap after GC invocations=71 (full 0):
 garbage-first heap   total 374784K, used 235043K [0x0000000080000000, 0x0000000100000000)
  region size 1024K, 2 young (2048K), 2 survivors (2048K)
 Metaspace       used 159903K, capacity 165759K, committed 165920K, reserved 659456K
  class space    used 20591K, capacity 22852K, committed 22860K, reserved 516096K
}

